<?xml version="1.0" encoding="UTF-8"?>
<!-- Generated by org.testng.reporters.JUnitReportReporter -->
<testsuite hostname="DESKTOP-1B36RB4" failures="0" tests="2" name="tests.Task1" time="49.305" errors="0" timestamp="2024-09-28T16:40:46 EEST" skipped="0">
  <testcase classname="tests.Task1" name="Scenario1" time="19.896"/>
  <testcase classname="tests.Task1" name="Scenario2" time="29.409"/>
</testsuite> <!-- tests.Task1 -->
