<?xml version="1.0" encoding="UTF-8"?>
<!-- Generated by org.testng.reporters.JUnitReportReporter -->
<testsuite hostname="DESKTOP-1B36RB4" failures="0" tests="1" name="tests.TestBase" time="0.005" errors="0" timestamp="2024-09-27T01:50:11 EEST" skipped="0">
  <testcase classname="tests.TestBase" name="openbrawser" time="0.005"/>
</testsuite> <!-- tests.TestBase -->
