<?xml version="1.0" encoding="UTF-8"?>
<!-- Generated by org.testng.reporters.JUnitReportReporter -->
<testsuite hostname="DESKTOP-1B36RB4" failures="0" tests="1" name="tests.TestBase" time="0.004" errors="0" timestamp="2024-09-27T20:48:21 EEST" skipped="0">
  <testcase classname="tests.TestBase" name="test" time="0.004"/>
</testsuite> <!-- tests.TestBase -->
