<?xml version="1.0" encoding="UTF-8"?>
<!-- Generated by org.testng.reporters.JUnitReportReporter -->
<testsuite hostname="DESKTOP-1B36RB4" failures="0" tests="1" name="tests.BookTripTest" time="4.162" errors="0" timestamp="2024-09-28T16:39:49 EEST" skipped="0">
  <testcase classname="tests.BookTripTest" name="bookTrip" time="4.162"/>
</testsuite> <!-- tests.BookTripTest -->
